\BOOKMARK [0][-]{chapter.1}{\332vod}{}% 1
\BOOKMARK [-1][-]{part.1}{I Prehlad problematiky}{}% 2
\BOOKMARK [0][-]{chapter.2}{S\351mantick\375 web}{part.1}% 3
\BOOKMARK [1][-]{section.2.1}{Linked Data}{chapter.2}% 4
\BOOKMARK [1][-]{section.2.2}{Resource Description Framework \(RDF\)}{chapter.2}% 5
\BOOKMARK [1][-]{section.2.3}{SPARQL}{chapter.2}% 6
\BOOKMARK [0][-]{chapter.3}{Ontol\363gie}{part.1}% 7
\BOOKMARK [1][-]{section.3.1}{Z\341kladn\351 pojmy}{chapter.3}% 8
\BOOKMARK [1][-]{section.3.2}{Vyu\236itie ontol\363gi\355}{chapter.3}% 9
\BOOKMARK [1][-]{section.3.3}{Syntax ontol\363gi\355}{chapter.3}% 10
\BOOKMARK [2][-]{subsection.3.3.1}{Web Ontology Language}{section.3.3}% 11
\BOOKMARK [1][-]{section.3.4}{Deskripcn\341 logika}{chapter.3}% 12
\BOOKMARK [0][-]{chapter.4}{Existuj\372ce ontologick\351 rie\235enia}{part.1}% 13
\BOOKMARK [1][-]{section.4.1}{CTI model}{chapter.4}% 14
\BOOKMARK [2][-]{subsection.4.1.1}{Identita}{section.4.1}% 15
\BOOKMARK [2][-]{subsection.4.1.2}{Kampan}{section.4.1}% 16
\BOOKMARK [2][-]{subsection.4.1.3}{Zranitelnost}{section.4.1}% 17
\BOOKMARK [2][-]{subsection.4.1.4}{Indik\341tor}{section.4.1}% 18
\BOOKMARK [2][-]{subsection.4.1.5}{N\341stroj}{section.4.1}% 19
\BOOKMARK [2][-]{subsection.4.1.6}{\332tok}{section.4.1}% 20
\BOOKMARK [1][-]{section.4.2}{Unified Cybersecurity Ontology}{chapter.4}% 21
\BOOKMARK [1][-]{section.4.3}{Integrated Cyber Analysis System}{chapter.4}% 22
\BOOKMARK [1][-]{section.4.4}{STUCCO}{chapter.4}% 23
\BOOKMARK [-1][-]{part.2}{II N\341vrh rie\235enia}{}% 24
\BOOKMARK [0][-]{chapter.5}{V\375skum a Anal\375za UCO}{part.2}% 25
\BOOKMARK [1][-]{section.5.1}{Model}{chapter.5}% 26
\BOOKMARK [0][-]{chapter.6}{CVE}{part.2}% 27
\BOOKMARK [1][-]{section.6.1}{Ontol\363gia}{chapter.6}% 28
\BOOKMARK [0][-]{chapter.7}{OVAL}{part.2}% 29
\BOOKMARK [1][-]{section.7.1}{Ontol\363gia}{chapter.7}% 30
\BOOKMARK [-1][-]{part.3}{III Implement\341cia}{}% 31
\BOOKMARK [0][-]{chapter*.23}{D\341ta}{part.3}% 32
\BOOKMARK [1][-]{section.7.2}{Web}{chapter*.23}% 33
\BOOKMARK [-1][-]{part.4}{IV Testovanie}{}% 34
\BOOKMARK [0][-]{chapter*.24}{Konzistetnost}{part.4}% 35
\BOOKMARK [1][-]{section.7.3}{Ontol\363gia}{chapter*.24}% 36
\BOOKMARK [1][-]{section.7.4}{D\341ta}{chapter*.24}% 37
\BOOKMARK [-1][-]{part.5}{V V\375sledky pr\341ce}{}% 38
\BOOKMARK [0][-]{chapter*.25}{Zhrnutie}{part.5}% 39
\BOOKMARK [0][-]{chapter*.26}{Z\341ver}{part.5}% 40
